{"uid":"e4f591618f5c9fdd","name":"setUp","fullName":"org.catalyte.io.tests.scenarios.ApprenticeshipsPageTests.setUp","historyId":"5080f3c988f5ad90c7234ee91a83188a","time":{"start":1756924190215,"stop":1756924190217,"duration":2},"status":"broken","statusMessage":"Cannot invoke \"org.openqa.selenium.support.ui.WebDriverWait.until(java.util.function.Function)\" because \"this.wait\" is null","statusTrace":"java.lang.NullPointerException: Cannot invoke \"org.openqa.selenium.support.ui.WebDriverWait.until(java.util.function.Function)\" because \"this.wait\" is null\r\n\tat org.catalyte.io.pages.ApprenticeshipsPage.waitForCards(ApprenticeshipsPage.java:54)\r\n\tat org.catalyte.io.tests.scenarios.ApprenticeshipsPageTests.setUp(ApprenticeshipsPageTests.java:25)\r\n\tat java.base/jdk.internal.reflect.DirectMethodHandleAccessor.invoke(DirectMethodHandleAccessor.java:104)\r\n\tat java.base/java.lang.reflect.Method.invoke(Method.java:565)\r\n\tat org.testng.internal.invokers.MethodInvocationHelper.invokeMethod(MethodInvocationHelper.java:139)\r\n\tat org.testng.internal.invokers.MethodInvocationHelper.invokeMethodConsideringTimeout(MethodInvocationHelper.java:69)\r\n\tat org.testng.internal.invokers.ConfigInvoker.invokeConfigurationMethod(ConfigInvoker.java:393)\r\n\tat org.testng.internal.invokers.ConfigInvoker.invokeConfigurations(ConfigInvoker.java:326)\r\n\tat org.testng.internal.invokers.TestMethodWorker.invokeBeforeClassMethods(TestMethodWorker.java:180)\r\n\tat org.testng.internal.invokers.TestMethodWorker.run(TestMethodWorker.java:122)\r\n\tat java.base/java.util.ArrayList.forEach(ArrayList.java:1604)\r\n\tat org.testng.TestRunner.privateRun(TestRunner.java:819)\r\n\tat org.testng.TestRunner.run(TestRunner.java:619)\r\n\tat org.testng.SuiteRunner.runTest(SuiteRunner.java:443)\r\n\tat org.testng.SuiteRunner.runSequentially(SuiteRunner.java:437)\r\n\tat org.testng.SuiteRunner.privateRun(SuiteRunner.java:397)\r\n\tat org.testng.SuiteRunner.run(SuiteRunner.java:336)\r\n\tat org.testng.SuiteRunnerWorker.runSuite(SuiteRunnerWorker.java:52)\r\n\tat org.testng.SuiteRunnerWorker.run(SuiteRunnerWorker.java:95)\r\n\tat org.testng.TestNG.runSuitesSequentially(TestNG.java:1301)\r\n\tat org.testng.TestNG.runSuitesLocally(TestNG.java:1228)\r\n\tat org.testng.TestNG.runSuites(TestNG.java:1134)\r\n\tat org.testng.TestNG.run(TestNG.java:1101)\r\n\tat org.apache.maven.surefire.testng.TestNGExecutor.run(TestNGExecutor.java:155)\r\n\tat org.apache.maven.surefire.testng.TestNGDirectoryTestSuite.executeMulti(TestNGDirectoryTestSuite.java:169)\r\n\tat org.apache.maven.surefire.testng.TestNGDirectoryTestSuite.execute(TestNGDirectoryTestSuite.java:88)\r\n\tat org.apache.maven.surefire.testng.TestNGProvider.invoke(TestNGProvider.java:137)\r\n\tat org.apache.maven.surefire.booter.ForkedBooter.runSuitesInProcess(ForkedBooter.java:385)\r\n\tat org.apache.maven.surefire.booter.ForkedBooter.execute(ForkedBooter.java:162)\r\n\tat org.apache.maven.surefire.booter.ForkedBooter.run(ForkedBooter.java:507)\r\n\tat org.apache.maven.surefire.booter.ForkedBooter.main(ForkedBooter.java:495)\r\n","flaky":false,"newFailed":false,"newBroken":false,"newPassed":false,"retriesCount":5,"retriesStatusChange":false,"beforeStages":[{"name":"setUpBase","time":{"start":1756924185177,"stop":1756924186646,"duration":1469},"description":"","status":"passed","steps":[],"attachments":[],"parameters":[],"stepsCount":0,"attachmentsCount":0,"shouldDisplayMessage":false,"hasContent":false},{"name":"setUp","time":{"start":1756924186648,"stop":1756924190179,"duration":3531},"description":"","status":"broken","statusMessage":"Cannot invoke \"org.openqa.selenium.support.ui.WebDriverWait.until(java.util.function.Function)\" because \"this.wait\" is null","statusTrace":"java.lang.NullPointerException: Cannot invoke \"org.openqa.selenium.support.ui.WebDriverWait.until(java.util.function.Function)\" because \"this.wait\" is null\r\n\tat org.catalyte.io.pages.ApprenticeshipsPage.waitForCards(ApprenticeshipsPage.java:54)\r\n\tat org.catalyte.io.tests.scenarios.ApprenticeshipsPageTests.setUp(ApprenticeshipsPageTests.java:25)\r\n\tat java.base/jdk.internal.reflect.DirectMethodHandleAccessor.invoke(DirectMethodHandleAccessor.java:104)\r\n\tat java.base/java.lang.reflect.Method.invoke(Method.java:565)\r\n\tat org.testng.internal.invokers.MethodInvocationHelper.invokeMethod(MethodInvocationHelper.java:139)\r\n\tat org.testng.internal.invokers.MethodInvocationHelper.invokeMethodConsideringTimeout(MethodInvocationHelper.java:69)\r\n\tat org.testng.internal.invokers.ConfigInvoker.invokeConfigurationMethod(ConfigInvoker.java:393)\r\n\tat org.testng.internal.invokers.ConfigInvoker.invokeConfigurations(ConfigInvoker.java:326)\r\n\tat org.testng.internal.invokers.TestMethodWorker.invokeBeforeClassMethods(TestMethodWorker.java:180)\r\n\tat org.testng.internal.invokers.TestMethodWorker.run(TestMethodWorker.java:122)\r\n\tat java.base/java.util.ArrayList.forEach(ArrayList.java:1604)\r\n\tat org.testng.TestRunner.privateRun(TestRunner.java:819)\r\n\tat org.testng.TestRunner.run(TestRunner.java:619)\r\n\tat org.testng.SuiteRunner.runTest(SuiteRunner.java:443)\r\n\tat org.testng.SuiteRunner.runSequentially(SuiteRunner.java:437)\r\n\tat org.testng.SuiteRunner.privateRun(SuiteRunner.java:397)\r\n\tat org.testng.SuiteRunner.run(SuiteRunner.java:336)\r\n\tat org.testng.SuiteRunnerWorker.runSuite(SuiteRunnerWorker.java:52)\r\n\tat org.testng.SuiteRunnerWorker.run(SuiteRunnerWorker.java:95)\r\n\tat org.testng.TestNG.runSuitesSequentially(TestNG.java:1301)\r\n\tat org.testng.TestNG.runSuitesLocally(TestNG.java:1228)\r\n\tat org.testng.TestNG.runSuites(TestNG.java:1134)\r\n\tat org.testng.TestNG.run(TestNG.java:1101)\r\n\tat org.apache.maven.surefire.testng.TestNGExecutor.run(TestNGExecutor.java:155)\r\n\tat org.apache.maven.surefire.testng.TestNGDirectoryTestSuite.executeMulti(TestNGDirectoryTestSuite.java:169)\r\n\tat org.apache.maven.surefire.testng.TestNGDirectoryTestSuite.execute(TestNGDirectoryTestSuite.java:88)\r\n\tat org.apache.maven.surefire.testng.TestNGProvider.invoke(TestNGProvider.java:137)\r\n\tat org.apache.maven.surefire.booter.ForkedBooter.runSuitesInProcess(ForkedBooter.java:385)\r\n\tat org.apache.maven.surefire.booter.ForkedBooter.execute(ForkedBooter.java:162)\r\n\tat org.apache.maven.surefire.booter.ForkedBooter.run(ForkedBooter.java:507)\r\n\tat org.apache.maven.surefire.booter.ForkedBooter.main(ForkedBooter.java:495)\r\n","steps":[],"attachments":[],"parameters":[],"stepsCount":0,"attachmentsCount":0,"shouldDisplayMessage":true,"hasContent":true}],"afterStages":[{"name":"tearDownBase","time":{"start":1756924190619,"stop":1756924190819,"duration":200},"description":"","status":"passed","steps":[],"attachments":[],"parameters":[],"stepsCount":0,"attachmentsCount":0,"shouldDisplayMessage":false,"hasContent":false}],"labels":[{"name":"package","value":"org.catalyte.io.tests.scenarios.ApprenticeshipsPageTests"},{"name":"testClass","value":"org.catalyte.io.tests.scenarios.ApprenticeshipsPageTests"},{"name":"testMethod","value":"setUp"},{"name":"parentSuite","value":"Surefire suite"},{"name":"suite","value":"Surefire test"},{"name":"subSuite","value":"org.catalyte.io.tests.scenarios.ApprenticeshipsPageTests"},{"name":"host","value":"LT50548"},{"name":"thread","value":"31700@LT50548.main(3)"},{"name":"framework","value":"testng"},{"name":"language","value":"java"},{"name":"AS_ID","value":"-1"},{"name":"resultFormat","value":"allure2"}],"parameters":[],"links":[],"hidden":false,"retry":false,"extra":{"severity":"normal","retries":[{"uid":"75b7fd18814f1bfd","status":"broken","statusDetails":"Cannot invoke \"org.openqa.selenium.support.ui.WebDriverWait.until(java.util.function.Function)\" because \"this.wait\" is null","time":{"start":1756923826390,"stop":1756923826393,"duration":3}},{"uid":"5031c7556b69304b","status":"broken","statusDetails":"Cannot invoke \"org.openqa.selenium.support.ui.WebDriverWait.until(java.util.function.Function)\" because \"this.wait\" is null","time":{"start":1756923587424,"stop":1756923587426,"duration":2}},{"uid":"b44287d743717373","status":"broken","statusDetails":"Cannot invoke \"org.openqa.selenium.support.ui.WebDriverWait.until(java.util.function.Function)\" because \"this.wait\" is null","time":{"start":1756923138687,"stop":1756923138689,"duration":2}},{"uid":"edddefb30a7c7f83","status":"broken","statusDetails":"Cannot invoke \"org.openqa.selenium.support.ui.WebDriverWait.until(java.util.function.Function)\" because \"this.wait\" is null","time":{"start":1756922733926,"stop":1756922733927,"duration":1}},{"uid":"c5bde79634f711b8","status":"broken","statusDetails":"Cannot invoke \"org.openqa.selenium.support.ui.WebDriverWait.until(java.util.function.Function)\" because \"this.wait\" is null","time":{"start":1756922688695,"stop":1756922688697,"duration":2}}],"categories":[{"name":"Test defects","matchedStatuses":[],"flaky":false}],"tags":[]},"source":"e4f591618f5c9fdd.json","parameterValues":[]}